  Pehlp.cpp
E:\Source\GitSource\PE\PE_Tools\Pehlp.cpp(6,22): warning C4311: “类型强制转换”: 从“HMODULE”到“DWORD”的指针截断
E:\Source\GitSource\PE\PE_Tools\Pehlp.cpp(6,22): warning C4302: “类型强制转换”: 从“HMODULE”到“DWORD”截断
E:\Source\GitSource\PE\PE_Tools\Pehlp.cpp(11,62): warning C4312: “类型强制转换”: 从“DWORD”转换到更大的“PIMAGE_DOS_HEADER”
E:\Source\GitSource\PE\PE_Tools\Pehlp.cpp(12,97): warning C4312: “类型强制转换”: 从“unsigned long”转换到更大的“PIMAGE_NT_HEADERS”
E:\Source\GitSource\PE\PE_Tools\Pehlp.cpp(15,85): warning C4311: “类型强制转换”: 从“PIMAGE_NT_HEADERS”到“DWORD”的指针截断
E:\Source\GitSource\PE\PE_Tools\Pehlp.cpp(15,85): warning C4302: “类型强制转换”: 从“PIMAGE_NT_HEADERS”到“DWORD”截断
E:\Source\GitSource\PE\PE_Tools\Pehlp.cpp(32,60): warning C4312: “类型强制转换”: 从“DWORD”转换到更大的“PIMAGE_DOS_HEADER”
E:\Source\GitSource\PE\PE_Tools\Pehlp.cpp(33,90): warning C4312: “类型强制转换”: 从“unsigned long”转换到更大的“PIMAGE_NT_HEADERS”
E:\Source\GitSource\PE\PE_Tools\Pehlp.cpp(34,19): warning C4244: “初始化”: 从“ULONGLONG”转换到“DWORD”，可能丢失数据
E:\Source\GitSource\PE\PE_Tools\Pehlp.cpp(42,37): warning C4311: “类型强制转换”: 从“PIMAGE_NT_HEADERS”到“DWORD”的指针截断
E:\Source\GitSource\PE\PE_Tools\Pehlp.cpp(42,37): warning C4302: “类型强制转换”: 从“PIMAGE_NT_HEADERS”到“DWORD”截断
E:\Source\GitSource\PE\PE_Tools\Pehlp.cpp(46,27): warning C4311: “类型强制转换”: 从“PIMAGE_NT_HEADERS”到“DWORD”的指针截断
E:\Source\GitSource\PE\PE_Tools\Pehlp.cpp(46,27): warning C4302: “类型强制转换”: 从“PIMAGE_NT_HEADERS”到“DWORD”截断
E:\Source\GitSource\PE\PE_Tools\Pehlp.cpp(50,27): warning C4311: “类型强制转换”: 从“PIMAGE_NT_HEADERS”到“DWORD”的指针截断
E:\Source\GitSource\PE\PE_Tools\Pehlp.cpp(50,27): warning C4302: “类型强制转换”: 从“PIMAGE_NT_HEADERS”到“DWORD”截断
E:\Source\GitSource\PE\PE_Tools\Pehlp.cpp(57,40): warning C4311: “类型强制转换”: 从“PIMAGE_NT_HEADERS”到“DWORD”的指针截断
E:\Source\GitSource\PE\PE_Tools\Pehlp.cpp(57,40): warning C4302: “类型强制转换”: 从“PIMAGE_NT_HEADERS”到“DWORD”截断
E:\Source\GitSource\PE\PE_Tools\Pehlp.cpp(61,25): warning C4311: “类型强制转换”: 从“PIMAGE_NT_HEADERS”到“DWORD”的指针截断
E:\Source\GitSource\PE\PE_Tools\Pehlp.cpp(61,25): warning C4302: “类型强制转换”: 从“PIMAGE_NT_HEADERS”到“DWORD”截断
E:\Source\GitSource\PE\PE_Tools\Pehlp.cpp(65,27): warning C4311: “类型强制转换”: 从“PIMAGE_NT_HEADERS”到“DWORD”的指针截断
E:\Source\GitSource\PE\PE_Tools\Pehlp.cpp(65,27): warning C4302: “类型强制转换”: 从“PIMAGE_NT_HEADERS”到“DWORD”截断
E:\Source\GitSource\PE\PE_Tools\Pehlp.cpp(74,60): warning C4312: “类型强制转换”: 从“DWORD”转换到更大的“PIMAGE_DOS_HEADER”
E:\Source\GitSource\PE\PE_Tools\Pehlp.cpp(75,90): warning C4312: “类型强制转换”: 从“unsigned long”转换到更大的“PIMAGE_NT_HEADERS”
E:\Source\GitSource\PE\PE_Tools\Pehlp.cpp(76,19): warning C4244: “初始化”: 从“ULONGLONG”转换到“DWORD”，可能丢失数据
E:\Source\GitSource\PE\PE_Tools\Pehlp.cpp(127,60): warning C4312: “类型强制转换”: 从“DWORD”转换到更大的“PIMAGE_DOS_HEADER”
E:\Source\GitSource\PE\PE_Tools\Pehlp.cpp(128,90): warning C4312: “类型强制转换”: 从“unsigned long”转换到更大的“PIMAGE_NT_HEADERS”
E:\Source\GitSource\PE\PE_Tools\Pehlp.cpp(129,19): warning C4244: “初始化”: 从“ULONGLONG”转换到“DWORD”，可能丢失数据
E:\Source\GitSource\PE\PE_Tools\Pehlp.cpp(143,30): warning C4311: “类型强制转换”: 从“PIMAGE_DATA_DIRECTORY”到“DWORD”的指针截断
E:\Source\GitSource\PE\PE_Tools\Pehlp.cpp(143,30): warning C4302: “类型强制转换”: 从“PIMAGE_DATA_DIRECTORY”到“DWORD”截断
E:\Source\GitSource\PE\PE_Tools\Pehlp.cpp(147,31): warning C4311: “类型强制转换”: 从“PIMAGE_DATA_DIRECTORY”到“DWORD”的指针截断
E:\Source\GitSource\PE\PE_Tools\Pehlp.cpp(147,31): warning C4302: “类型强制转换”: 从“PIMAGE_DATA_DIRECTORY”到“DWORD”截断
E:\Source\GitSource\PE\PE_Tools\Pehlp.cpp(154,44): warning C4311: “类型强制转换”: 从“PIMAGE_DATA_DIRECTORY”到“DWORD”的指针截断
E:\Source\GitSource\PE\PE_Tools\Pehlp.cpp(154,44): warning C4302: “类型强制转换”: 从“PIMAGE_DATA_DIRECTORY”到“DWORD”截断
E:\Source\GitSource\PE\PE_Tools\Pehlp.cpp(158,30): warning C4311: “类型强制转换”: 从“PIMAGE_DATA_DIRECTORY”到“DWORD”的指针截断
E:\Source\GitSource\PE\PE_Tools\Pehlp.cpp(158,30): warning C4302: “类型强制转换”: 从“PIMAGE_DATA_DIRECTORY”到“DWORD”截断
E:\Source\GitSource\PE\PE_Tools\Pehlp.cpp(162,31): warning C4311: “类型强制转换”: 从“PIMAGE_DATA_DIRECTORY”到“DWORD”的指针截断
E:\Source\GitSource\PE\PE_Tools\Pehlp.cpp(162,31): warning C4302: “类型强制转换”: 从“PIMAGE_DATA_DIRECTORY”到“DWORD”截断
E:\Source\GitSource\PE\PE_Tools\Pehlp.cpp(171,64): warning C4312: “类型强制转换”: 从“DWORD”转换到更大的“PIMAGE_DOS_HEADER”
E:\Source\GitSource\PE\PE_Tools\Pehlp.cpp(172,94): warning C4312: “类型强制转换”: 从“unsigned long”转换到更大的“PIMAGE_NT_HEADERS”
E:\Source\GitSource\PE\PE_Tools\Pehlp.cpp(174,78): warning C4311: “类型强制转换”: 从“PIMAGE_NT_HEADERS”到“DWORD”的指针截断
E:\Source\GitSource\PE\PE_Tools\Pehlp.cpp(174,78): warning C4302: “类型强制转换”: 从“PIMAGE_NT_HEADERS”到“DWORD”截断
E:\Source\GitSource\PE\PE_Tools\Pehlp.cpp(184,34): warning C4311: “类型强制转换”: 从“_IMAGE_SECTION_HEADER *”到“DWORD”的指针截断
E:\Source\GitSource\PE\PE_Tools\Pehlp.cpp(184,34): warning C4302: “类型强制转换”: 从“_IMAGE_SECTION_HEADER *”到“DWORD”截断
E:\Source\GitSource\PE\PE_Tools\Pehlp.cpp(241,62): warning C4312: “类型强制转换”: 从“DWORD”转换到更大的“PIMAGE_DOS_HEADER”
E:\Source\GitSource\PE\PE_Tools\Pehlp.cpp(242,97): warning C4312: “类型强制转换”: 从“unsigned long”转换到更大的“PIMAGE_NT_HEADERS”
E:\Source\GitSource\PE\PE_Tools\Pehlp.cpp(245,85): warning C4311: “类型强制转换”: 从“PIMAGE_NT_HEADERS”到“DWORD”的指针截断
E:\Source\GitSource\PE\PE_Tools\Pehlp.cpp(245,85): warning C4302: “类型强制转换”: 从“PIMAGE_NT_HEADERS”到“DWORD”截断
E:\Source\GitSource\PE\PE_Tools\Pehlp.cpp(262,64): warning C4312: “类型强制转换”: 从“DWORD”转换到更大的“PIMAGE_DOS_HEADER”
E:\Source\GitSource\PE\PE_Tools\Pehlp.cpp(263,94): warning C4312: “类型强制转换”: 从“unsigned long”转换到更大的“PIMAGE_NT_HEADERS”
E:\Source\GitSource\PE\PE_Tools\Pehlp.cpp(272,92): warning C4312: “类型强制转换”: 从“unsigned long”转换到更大的“PIMAGE_IMPORT_DESCRIPTOR”
E:\Source\GitSource\PE\PE_Tools\Pehlp.cpp(274,133): warning C4312: “类型强制转换”: 从“DWORD”转换到更大的“PIMAGE_SECTION_HEADER”
E:\Source\GitSource\PE\PE_Tools\Pehlp.cpp(281,45): warning C4312: “类型强制转换”: 从“unsigned long”转换到更大的“PCHAR”
E:\Source\GitSource\PE\PE_Tools\Pehlp.cpp(292,28): warning C4312: “类型强制转换”: 从“DWORD”转换到更大的“PDWORD”
E:\Source\GitSource\PE\PE_Tools\Pehlp.cpp(295,7): warning C4312: “类型强制转换”: 从“DWORD”转换到更大的“PDWORD”
E:\Source\GitSource\PE\PE_Tools\Pehlp.cpp(297,41): warning C4312: “类型强制转换”: 从“DWORD”转换到更大的“PDWORD”
E:\Source\GitSource\PE\PE_Tools\Pehlp.cpp(303,51): warning C4312: “类型强制转换”: 从“DWORD”转换到更大的“PDWORD”
E:\Source\GitSource\PE\PE_Tools\Pehlp.cpp(305,57): warning C4312: “类型强制转换”: 从“DWORD”转换到更大的“PDWORD”
E:\Source\GitSource\PE\PE_Tools\Pehlp.cpp(306,89): warning C4312: “类型强制转换”: 从“unsigned long”转换到更大的“PIMAGE_IMPORT_BY_NAME”
E:\Source\GitSource\PE\PE_Tools\Pehlp.cpp(313,71): warning C4311: “类型强制转换”: 从“PIMAGE_IMPORT_DESCRIPTOR”到“DWORD”的指针截断
E:\Source\GitSource\PE\PE_Tools\Pehlp.cpp(313,71): warning C4302: “类型强制转换”: 从“PIMAGE_IMPORT_DESCRIPTOR”到“DWORD”截断
E:\Source\GitSource\PE\PE_Tools\Pehlp.cpp(323,59): warning C4312: “类型强制转换”: 从“DWORD”转换到更大的“PIMAGE_DOS_HEADER”
E:\Source\GitSource\PE\PE_Tools\Pehlp.cpp(324,94): warning C4312: “类型强制转换”: 从“unsigned long”转换到更大的“PIMAGE_NT_HEADERS”
E:\Source\GitSource\PE\PE_Tools\Pehlp.cpp(326,142): warning C4312: “类型强制转换”: 从“unsigned long”转换到更大的“PIMAGE_EXPORT_DIRECTORY”
E:\Source\GitSource\PE\PE_Tools\Pehlp.cpp(329,78): warning C4312: “类型强制转换”: 从“unsigned long”转换到更大的“PDWORD”
E:\Source\GitSource\PE\PE_Tools\Pehlp.cpp(332,55): warning C4312: “类型强制转换”: 从“unsigned long”转换到更大的“char *”
E:\Source\GitSource\PE\PE_Tools\Pehlp.cpp(335,92): warning C4312: “类型强制转换”: 从“unsigned long”转换到更大的“PWORD”
E:\Source\GitSource\PE\PE_Tools\Pehlp.cpp(336,78): warning C4312: “类型强制转换”: 从“unsigned long”转换到更大的“PDWORD”
  源.cpp
  正在生成代码...
    正在创建库 E:\Source\GitSource\PE\x64\Debug\PE_Tools.lib 和对象 E:\Source\GitSource\PE\x64\Debug\PE_Tools.exp
  PE_Tools.vcxproj -> E:\Source\GitSource\PE\x64\Debug\PE_Tools.exe
